<?xml version="1.0" encoding="UTF-8"?>
<!-- Generated by org.testng.reporters.JUnitReportReporter -->
<testsuite hostname="TYSS-Yogita" failures="0" tests="3" name="tesng_basics.Working_with_testng" time="0.009" errors="0" timestamp="2023-06-27T18:23:24 IST" skipped="0">
  <testcase classname="tesng_basics.Working_with_testng" name="SearchTest" time="0.000"/>
  <system-out/>
  <testcase classname="tesng_basics.Working_with_testng" name="RegisterTest" time="0.000"/>
  <system-out/>
  <testcase classname="tesng_basics.Working_with_testng" name="LoginTest" time="0.009"/>
  <system-out/>
</testsuite> <!-- tesng_basics.Working_with_testng -->
