<?xml version="1.0" encoding="UTF-8"?>
<!-- Generated by org.testng.reporters.JUnitReportReporter -->
<testsuite hostname="TYSS-Pradyumna" failures="0" tests="1" name="tesng_basics.Working_with_testng1" time="0.006" errors="0" timestamp="2023-06-01T12:01:44 IST" skipped="0">
  <testcase classname="tesng_basics.Working_with_testng1" name="VoteTest" time="0.006"/>
  <system-out/>
</testsuite> <!-- tesng_basics.Working_with_testng1 -->
