<?xml version="1.0" encoding="UTF-8"?>
<!-- Generated by org.testng.reporters.JUnitReportReporter -->
<testsuite hostname="TYSS-Yogita" failures="0" tests="4" name="tesng_basics.LearningHardAssert" time="22.067" errors="0" timestamp="2023-06-23T11:47:25 IST" skipped="0">
  <testcase classname="tesng_basics.LearningHardAssert" name="hardAssertPractice" time="5.962"/>
  <system-out/>
  <testcase classname="tesng_basics.LearningHardAssert" name="hardAssertPractice" time="6.173"/>
  <system-out/>
  <testcase classname="tesng_basics.LearningHardAssert" name="hardAssertPractice" time="5.642"/>
  <system-out/>
  <testcase classname="tesng_basics.LearningHardAssert" name="hardAssertPractice" time="4.290"/>
  <system-out/>
</testsuite> <!-- tesng_basics.LearningHardAssert -->
