<?xml version="1.0" encoding="UTF-8"?>
<!-- Generated by org.testng.reporters.JUnitReportReporter -->
<testsuite hostname="TYSS-Yogita" failures="0" tests="1" name="tesng_basics.LearningSoftAssert" time="4.773" errors="0" timestamp="2023-06-12T11:26:43 IST" skipped="0">
  <testcase classname="tesng_basics.LearningSoftAssert" name="softAssertPractice" time="4.773"/>
  <system-out/>
</testsuite> <!-- tesng_basics.LearningSoftAssert -->
