<?xml version="1.0" encoding="UTF-8"?>
<!-- Generated by org.testng.reporters.JUnitReportReporter -->
<testsuite hostname="TYSS-Pradyumna" failures="0" tests="2" name="tesng_basics.Working_with_Annotations" time="0.007" errors="0" timestamp="2023-06-01T12:42:26 IST" skipped="0">
  <testcase classname="tesng_basics.Working_with_Annotations" name="DemoTest1" time="0.001"/>
  <system-out/>
  <testcase classname="tesng_basics.Working_with_Annotations" name="DemoTest" time="0.006"/>
  <system-out/>
</testsuite> <!-- tesng_basics.Working_with_Annotations -->
