<?xml version="1.0" encoding="UTF-8"?>
<!-- Generated by org.testng.reporters.JUnitReportReporter -->
<testsuite hostname="TYSS-Yogita" failures="0" tests="1" name="testcases.DWS_Vote" time="0.194" errors="0" timestamp="2023-06-23T11:52:34 IST" skipped="0">
  <testcase classname="testcases.DWS_Vote" name="vote" time="0.194"/>
  <system-out/>
</testsuite> <!-- testcases.DWS_Vote -->
