<?xml version="1.0" encoding="UTF-8"?>
<!-- Generated by org.testng.reporters.JUnitReportReporter -->
<testsuite hostname="TYSS-Pradyumna" failures="0" tests="1" name="tesng_basics.Working_with_Parameters" time="5.746" errors="0" timestamp="2023-06-02T12:37:54 IST" skipped="0">
  <testcase classname="tesng_basics.Working_with_Parameters" name="parameter_demo" time="5.746"/>
  <system-out/>
</testsuite> <!-- tesng_basics.Working_with_Parameters -->
