<?xml version="1.0" encoding="UTF-8"?>
<!-- Generated by org.testng.reporters.JUnitReportReporter -->
<testsuite hostname="TYSS-Pradyumna" failures="0" tests="2" name="tesng_basics.Working_with_DataProvider" time="11.153" errors="0" timestamp="2023-06-05T11:33:46 IST" skipped="0">
  <testcase classname="tesng_basics.Working_with_DataProvider" name="dataDemo" time="5.620"/>
  <system-out/>
  <testcase classname="tesng_basics.Working_with_DataProvider" name="dataDemo" time="5.533"/>
  <system-out/>
</testsuite> <!-- tesng_basics.Working_with_DataProvider -->
