<?xml version="1.0" encoding="UTF-8"?>
<!-- Generated by org.testng.reporters.JUnitReportReporter -->
<testsuite hostname="TYSS-Yogita" failures="0" tests="1" name="testcases.DWS_SearchTC" time="1.124" errors="0" timestamp="2023-06-23T11:52:34 IST" skipped="0">
  <testcase classname="testcases.DWS_SearchTC" name="Search" time="1.124"/>
  <system-out/>
</testsuite> <!-- testcases.DWS_SearchTC -->
